<?xml version="1.0" encoding="UTF-8"?>
<!-- Generated by org.testng.reporters.JUnitXMLReporter -->
<testsuite hostname="DESKTOP-SPO73RG" ignored="0" name="test12" tests="4" failures="0" timestamp="2020-04-17T17:35:47 CST" time="281.011" errors="0">
  <testcase name="test01_loginfront_sell" time="13.826" classname="testcase.CreateMarginBid_02"/>
  <testcase name="test02_createbid" time="19.627" classname="testcase.CreateMarginBid_02"/>
  <testcase name="test03_reviewpass" time="19.345" classname="testcase.CreateMarginBid_02"/>
  <testcase name="test04_buyerbid" time="228.176" classname="testcase.CreateMarginBid_02"/>
</testsuite> <!-- test12 -->
